<?xml version="1.0" encoding="UTF-8"?>
<!-- Generated by org.testng.reporters.JUnitXMLReporter -->
<testsuite ignored="4" hostname="qalab-scim-ss" failures="0" tests="1" name="Default test" time="9.121" errors="0" timestamp="2026-03-23T12:19:44 UTC">
  <testcase classname="com.scim.test.UserModelTest" name="validateUserWithCount" time="8.785"/>
  <testcase classname="com.scim.test.UserModelTest" name="validateGetUserById" time="0.0">
    <ignored/>
  </testcase> <!-- validateGetUserById -->
  <testcase classname="com.scim.test.UserModelTest" name="validatePostUserAPI" time="0.0">
    <ignored/>
  </testcase> <!-- validatePostUserAPI -->
  <testcase classname="com.scim.test.UserModelTest" name="validategetUserAPI" time="0.0">
    <ignored/>
  </testcase> <!-- validategetUserAPI -->
  <testcase classname="com.scim.test.UserModelTest" name="validateputUserAPI" time="0.0">
    <ignored/>
  </testcase> <!-- validateputUserAPI -->
</testsuite> <!-- Default test -->
