<?xml version="1.0" encoding="UTF-8"?>
<!-- Generated by org.testng.reporters.JUnitXMLReporter -->
<testsuite ignored="0" hostname="qalab-scim-ss" failures="0" tests="4" name="Test" time="11.386" errors="0" timestamp="2026-03-22T12:04:41 UTC">
  <testcase classname="com.scim.test.AuthenticationModelTest" name="validateGetToken" time="4.911"/>
  <testcase classname="com.scim.test.UserModelTest" name="getUsers" time="5.29"/>
  <testcase classname="com.scim.test.UserModelTest" name="createUser" time="3.213"/>
  <testcase classname="com.scim.test.UserModelTest" name="putUser" time="2.561"/>
</testsuite> <!-- Test -->
