<?xml version="1.0" encoding="UTF-8"?>
<!-- Generated by org.testng.reporters.JUnitXMLReporter -->
<testsuite ignored="0" hostname="qalab-scim-ss" failures="0" tests="4" name="Test" time="13.398" errors="0" timestamp="2026-03-21T17:39:25 UTC">
  <testcase classname="com.scim.test.AuthenticationModelTest" name="validateGetToken" time="3.918"/>
  <testcase classname="com.scim.test.UserModelTest" name="createUser" time="3.902"/>
  <testcase classname="com.scim.test.UserModelTest" name="getUsers" time="3.934"/>
  <testcase classname="com.scim.test.UserModelTest" name="putUser" time="1.516"/>
</testsuite> <!-- Test -->
