<?xml version="1.0" encoding="UTF-8"?>
<testng-results ignored="0" total="3" passed="3" failed="0" skipped="0">
  <reporter-output>
  </reporter-output>
  <suite started-at="2026-03-21T09:43:26 UTC" name="Default suite" finished-at="2026-03-21T09:43:35 UTC" duration-ms="9134">
    <groups>
    </groups>
    <test started-at="2026-03-21T09:43:26 UTC" name="Default test" finished-at="2026-03-21T09:43:35 UTC" duration-ms="9134">
      <class name="com.scim.test.UserModelTest">
        <test-method signature="createUser()[pri:0, instance:com.scim.test.UserModelTest@515aebb0]" started-at="2026-03-21T09:43:26 UTC" name="createUser" finished-at="2026-03-21T09:43:32 UTC" duration-ms="5659" status="PASS">
          <reporter-output>
          </reporter-output>
        </test-method> <!-- createUser -->
        <test-method signature="getUsers()[pri:0, instance:com.scim.test.UserModelTest@515aebb0]" started-at="2026-03-21T09:43:32 UTC" name="getUsers" finished-at="2026-03-21T09:43:34 UTC" duration-ms="1978" status="PASS">
          <reporter-output>
          </reporter-output>
        </test-method> <!-- getUsers -->
        <test-method signature="putUser()[pri:0, instance:com.scim.test.UserModelTest@515aebb0]" started-at="2026-03-21T09:43:34 UTC" name="putUser" finished-at="2026-03-21T09:43:35 UTC" depends-on-methods="com.scim.test.UserModelTest.createUser" duration-ms="1409" status="PASS">
          <reporter-output>
          </reporter-output>
        </test-method> <!-- putUser -->
      </class> <!-- com.scim.test.UserModelTest -->
    </test> <!-- Default test -->
  </suite> <!-- Default suite -->
</testng-results>
