<?xml version="1.0" encoding="UTF-8"?>
<!-- Generated by org.testng.reporters.JUnitReportReporter -->
<testsuite hostname="qalab-scim-ss" failures="0" tests="3" name="com.scim.test.UserModelTest" time="9.352" errors="0" timestamp="2026-03-21T17:39:25 UTC" skipped="0">
  <testcase classname="com.scim.test.UserModelTest" name="createUser" time="3.902"/>
  <testcase classname="com.scim.test.UserModelTest" name="putUser" time="1.516"/>
  <testcase classname="com.scim.test.UserModelTest" name="getUsers" time="3.934"/>
</testsuite> <!-- com.scim.test.UserModelTest -->
