<?xml version="1.0" encoding="UTF-8"?>
<!-- Generated by org.testng.reporters.JUnitReportReporter -->
<testsuite hostname="qalab-scim-ss" failures="0" tests="3" name="com.scim.test.UserModelTest" time="9.046" errors="0" timestamp="2026-03-21T09:43:36 UTC" skipped="0">
  <testcase classname="com.scim.test.UserModelTest" name="getUsers" time="1.978"/>
  <testcase classname="com.scim.test.UserModelTest" name="putUser" time="1.409"/>
  <testcase classname="com.scim.test.UserModelTest" name="createUser" time="5.659"/>
</testsuite> <!-- com.scim.test.UserModelTest -->
